1698689194614:init --1 56
1698689211135:i --b 33
1698689570268:l
1698689799155:i
1698689806538:i --b 78
1698690579583:i
1698690582545:l
1698690715478:i
1698691401394:ш
1698691404863:i
1698691429656:l
1698691791607:i
1698691795325:l
1698692087695:i
1698692089918:l
1698692763370:i
1698692975165:l
1698694207727:i
1698694211380:l
1698694358131:i
1698694370151:l
1698694373189:c
1698694376023:l
1698694482522:i
1698694507224:l
1698694737496:i
1698695690919:l
1698696027171:i
1698696029722:l
1698696129924:i
1698696132091:l
1698696135789:c
1698696137619:l
1698696140122:i
1698696142842:l
1698696755010:i
1698696757624:l
1698696894035:i
1698696896888:l
1698697258740:i
1698697261050:l
1698697282690:c
1698697286050:l
1698697289498:a
1698697291687:d
1698697294898:i
1698697298222:l
1698697305947:e
1698697425678:i
1698697428403:l
1698697431596:c
1698697433954:l
1698697443099:e
1698697764800:i
1698697767165:l
1698697770229:c
1698697774030:l
1698697790758:a
1698697792918:d
1698697795325:e
1698720072365:help
1698720092900:?
1698720167756:clear
1698720175226:c
1698720179585:l
1698720183168:i
1698720185722:l
1698720203377:exit
1698765414608:help
1698765441061:?
1698765450101:exit
1698765784370:help
1698765990784:i
1698765996679:list
1698766001827:add
1698766008015:d
1698766014189:delete
1698766022774:clear
1698766032257:clearlist
1698766913872:i
1698766918156:l
1698766952294:d --id 17
1698766968549:stacktrace
1698767065216:i
1698767068133:l
1698767088779:d --id 11
1698767116957:stacktrace
1698767296998:help
1698767310261:i
1698767313147:l
1698767330317:d --id 8
1698767334340:l
1698767372567:d --id 17
1698767385468:l
1698767421069:d --id 5
1698767427170:l
1698767455373:d --id 15
1698767467003:c
1698767476124:exit
1698768326762:i
1698768328594:l
1698768336188:?
1698768346016:clear
1698768354208:help
1698768378992:history
1698768394648:version
1698768916522:i
1698768918778:l
1698768933571:d --id 20
1698768936345:l
1698768949889:d --id 1
1698768959074:l
1698768977089:d --id 8
1698769017838:exit
1698792756937:l
1698870212601:d --id 98
1698870220687:c
1698870231116:ai
1698870245641:l
1698870253058:help
1698870286074:add --fn Иван --ln Голоколенко --age 61
1698870288719:l
1698870297139:exit
1698952399235:l
1698955462956:help
1698955469987:l
1698956011844:ai
1698956032188:д
1698956034163:l
1698956042890:d
1698956055260:d --id 100
1698956074299:c
1698956077917:l
1698961683309:d --id 15
1698961693473:list
1698962218748:l
1698962230715:d --id 20
1698962429823:l
1698962432779:d --id 20
1698962908357:d --id 10
1698963487781:a
1698963541183:a --fn Bill --ln Runner --age 55
1698963941412:d --id 10
1698963946557:l
1698963952929:ai
1698963985373:д
1698963988658:l
1698963992821:c
1698964752684:l
1698964762746:help
1698964774748:l
1698964778945:c
1698964785015:ai
1698964803418:l
1698966438572:d --id 100
1698966604755:l
1698966611376:d --id 101
1698988500016:help
1698990044703:a
1698990091993:a --fn Ivan --ln Sun --age 50
1698990132827:a --fn Ivan --ln Sun --age 30
1698990381555:a --fn aaaaaaa --ln sss --age 18
1698990394258:a --fn aaaaaaa --ln sss --age 10
1698990414152:a --fn aaaaaaa --ln sss --age 100
1698994607492:a --fn Иван --ln Уэф --age 30
1698994609938:д
1698994613563:l
1698994632451:d --id 101
1698994637460:l
1698994642200:help
1698995740458:l
1698995744316:help
1698995753502:jhkjh
1698995904167:help
1698997090763:a
1698997099017:help
1698997128111:a --fn Иван --ln Иванов --age 17
1698997139003:a --fn Иван --ln Иванов --age 16
1698997164355:ai
1698997198747:l
1698997576366:a --fn Иван --ln Иванов --age 100
1698999417714:l
1699000916368:help
1699000938638:l
1699000952315:d --id23
1699000964325:d --id 23
1699000969685:l
1699000997991:a --fn aaaaaa --ln bbbbbbbbbb --age 34
1699001004380:l
1699001014706:c
1699001129729:d --id 10
1699001628437:l
1699002180402:ai
1699002191259:a
1699002195546:ai
1699002203692:l
1699002215698:d --id 26
1699002218555:l
1699002220380:c
1699002246289:ai
1699002282095:a --fn aaaaaaaaaaaaaaaaaaa --ln BBBBBBBBBB --age 35
1699002291850:l
1699002634863:a --fn aaaaaaaaaaaaaaaaaaa --ln BBBBBBBBBB --age 35
1699002636585:l
1699002653898:c
1699004462743:l
1699004875527:д
1699004878990:l
1699004890532:d --id 3
1699005080111:ai
1699005090159:d --id 3
1699006024125:l
1699006040965:d --id 1
1699006044235:l
1699018166923:d --id 99
1699032476089:l
1699032478333:a
1699032481449:ai
1699032495541:exit
